handheld/build/intermediates/manifest_merge_blame_file/debug/manifest-merger-blame-debug-report.txt
1<?xml version="1.0" encoding="utf-8"?>
2<manifest xmlns:android="http://schemas.android.com/apk/res/android"
3    package="com.example.handheld"
4    android:versionCode="1"
5    android:versionName="1.0" >
6
7    <uses-sdk
8        android:minSdkVersion="25"
8-->src\main\AndroidManifest.xml
9        android:targetSdkVersion="32" />
9-->src\main\AndroidManifest.xml
10
11    <uses-permission android:name="android.permission.WAKE_LOCK" />
11-->src\main\AndroidManifest.xml:6:5-68
11-->src\main\AndroidManifest.xml:6:22-65
12
13    <application
13-->src\main\AndroidManifest.xml:8:5-26:19
14        android:allowBackup="true"
14-->src\main\AndroidManifest.xml:9:9-35
15        android:appComponentFactory="androidx.core.app.CoreComponentFactory"
15-->[androidx.core:core:1.7.0] AndroidManifest.xml:24:18-86
16        android:debuggable="true"
17        android:extractNativeLibs="false"
18        android:icon="@mipmap/ic_launcher"
18-->src\main\AndroidManifest.xml:10:9-43
19        android:label="@string/app_name"
19-->src\main\AndroidManifest.xml:11:9-41
20        android:roundIcon="@mipmap/ic_launcher_round"
20-->src\main\AndroidManifest.xml:12:9-54
21        android:supportsRtl="true"
21-->src\main\AndroidManifest.xml:13:9-35
22        android:testOnly="true"
23        android:theme="@style/Theme.WearOSApp" >
23-->src\main\AndroidManifest.xml:14:9-47
24        <activity
24-->src\main\AndroidManifest.xml:15:9-25:20
25            android:name="com.example.handheld.MainActivity"
25-->src\main\AndroidManifest.xml:16:13-41
26            android:exported="true"
26-->src\main\AndroidManifest.xml:18:13-36
27            android:resizeableActivity="true" >
27-->src\main\AndroidManifest.xml:17:13-46
28            <intent-filter>
28-->src\main\AndroidManifest.xml:20:13-24:29
29                <action android:name="android.intent.action.MAIN" />
29-->src\main\AndroidManifest.xml:21:17-69
29-->src\main\AndroidManifest.xml:21:25-66
30
31                <category android:name="android.intent.category.LAUNCHER" />
31-->src\main\AndroidManifest.xml:23:17-77
31-->src\main\AndroidManifest.xml:23:27-74
32            </intent-filter>
33        </activity>
34        <activity
34-->[com.google.android.gms:play-services-base:17.5.0] AndroidManifest.xml:23:9-26:75
35            android:name="com.google.android.gms.common.api.GoogleApiActivity"
35-->[com.google.android.gms:play-services-base:17.5.0] AndroidManifest.xml:24:13-79
36            android:exported="false"
36-->[com.google.android.gms:play-services-base:17.5.0] AndroidManifest.xml:25:13-37
37            android:theme="@android:style/Theme.Translucent.NoTitleBar" />
37-->[com.google.android.gms:play-services-base:17.5.0] AndroidManifest.xml:26:13-72
38
39        <meta-data
39-->[com.google.android.gms:play-services-basement:17.5.0] AndroidManifest.xml:23:9-25:69
40            android:name="com.google.android.gms.version"
40-->[com.google.android.gms:play-services-basement:17.5.0] AndroidManifest.xml:24:13-58
41            android:value="@integer/google_play_services_version" />
41-->[com.google.android.gms:play-services-basement:17.5.0] AndroidManifest.xml:25:13-66
42
43        <provider
43-->[androidx.emoji2:emoji2:1.0.0] AndroidManifest.xml:26:9-34:20
44            android:name="androidx.startup.InitializationProvider"
44-->[androidx.emoji2:emoji2:1.0.0] AndroidManifest.xml:27:13-67
45            android:authorities="com.example.handheld.androidx-startup"
45-->[androidx.emoji2:emoji2:1.0.0] AndroidManifest.xml:28:13-68
46            android:exported="false" >
46-->[androidx.emoji2:emoji2:1.0.0] AndroidManifest.xml:29:13-37
47            <meta-data
47-->[androidx.emoji2:emoji2:1.0.0] AndroidManifest.xml:31:13-33:52
48                android:name="androidx.emoji2.text.EmojiCompatInitializer"
48-->[androidx.emoji2:emoji2:1.0.0] AndroidManifest.xml:32:17-75
49                android:value="androidx.startup" />
49-->[androidx.emoji2:emoji2:1.0.0] AndroidManifest.xml:33:17-49
50            <meta-data
50-->[androidx.lifecycle:lifecycle-process:2.4.0] AndroidManifest.xml:31:13-33:52
51                android:name="androidx.lifecycle.ProcessLifecycleInitializer"
51-->[androidx.lifecycle:lifecycle-process:2.4.0] AndroidManifest.xml:32:17-78
52                android:value="androidx.startup" />
52-->[androidx.lifecycle:lifecycle-process:2.4.0] AndroidManifest.xml:33:17-49
53        </provider>
54    </application>
55
56</manifest>